{"C:\\Users\\shahi\\OneDrive\\Desktop\\clone3\\workflow-management\\backend\\config\\db.js": {"path":"C:\\Users\\shahi\\OneDrive\\Desktop\\clone3\\workflow-management\\backend\\config\\db.js","statementMap":{"0":{"start":{"line":3,"column":0},"end":{"line":3,"column":16}},"1":{"start":{"line":5,"column":17},"end":{"line":5,"column":20}},"2":{"start":{"line":7,"column":13},"end":{"line":13,"column":2}}},"fnMap":{},"branchMap":{},"s":{"0":1,"1":1,"2":1},"f":{},"b":{},"inputSourceMap":null,"_coverageSchema":"1a1c01bbd47fc00a2c39e90264f33305004495a9","hash":"22201b65fc37ce5f235358eadc8073b8f88421f8"}
,"C:\\Users\\shahi\\OneDrive\\Desktop\\clone3\\workflow-management\\backend\\middleware\\authMiddleware.js": {"path":"C:\\Users\\shahi\\OneDrive\\Desktop\\clone3\\workflow-management\\backend\\middleware\\authMiddleware.js","statementMap":{"0":{"start":{"line":3,"column":23},"end":{"line":10,"column":1}},"1":{"start":{"line":4,"column":2},"end":{"line":9,"column":4}},"2":{"start":{"line":5,"column":4},"end":{"line":7,"column":5}},"3":{"start":{"line":6,"column":6},"end":{"line":6,"column":62}},"4":{"start":{"line":8,"column":4},"end":{"line":8,"column":11}}},"fnMap":{"0":{"name":"(anonymous_0)","decl":{"start":{"line":3,"column":23},"end":{"line":3,"column":24}},"loc":{"start":{"line":3,"column":34},"end":{"line":10,"column":1}},"line":3},"1":{"name":"(anonymous_1)","decl":{"start":{"line":4,"column":9},"end":{"line":4,"column":10}},"loc":{"start":{"line":4,"column":29},"end":{"line":9,"column":3}},"line":4}},"branchMap":{"0":{"loc":{"start":{"line":5,"column":4},"end":{"line":7,"column":5}},"type":"if","locations":[{"start":{"line":5,"column":4},"end":{"line":7,"column":5}},{"start":{},"end":{}}],"line":5},"1":{"loc":{"start":{"line":5,"column":8},"end":{"line":5,"column":51}},"type":"binary-expr","locations":[{"start":{"line":5,"column":8},"end":{"line":5,"column":17}},{"start":{"line":5,"column":21},"end":{"line":5,"column":51}}],"line":5}},"s":{"0":1,"1":1,"2":0,"3":0,"4":0},"f":{"0":1,"1":0},"b":{"0":[0,0],"1":[0,0]},"inputSourceMap":null,"_coverageSchema":"1a1c01bbd47fc00a2c39e90264f33305004495a9","hash":"715f569d336e0a64adb0cf48758e9262bcc8e1c3"}
,"C:\\Users\\shahi\\OneDrive\\Desktop\\clone3\\workflow-management\\backend\\middleware\\verifyJWT.js": {"path":"C:\\Users\\shahi\\OneDrive\\Desktop\\clone3\\workflow-management\\backend\\middleware\\verifyJWT.js","statementMap":{"0":{"start":{"line":4,"column":0},"end":{"line":4,"column":16}},"1":{"start":{"line":6,"column":18},"end":{"line":22,"column":1}},"2":{"start":{"line":7,"column":21},"end":{"line":7,"column":46}},"3":{"start":{"line":9,"column":2},"end":{"line":11,"column":3}},"4":{"start":{"line":10,"column":4},"end":{"line":10,"column":78}},"5":{"start":{"line":13,"column":16},"end":{"line":13,"column":40}},"6":{"start":{"line":15,"column":2},"end":{"line":21,"column":3}},"7":{"start":{"line":16,"column":20},"end":{"line":16,"column":61}},"8":{"start":{"line":17,"column":4},"end":{"line":17,"column":23}},"9":{"start":{"line":18,"column":4},"end":{"line":18,"column":11}},"10":{"start":{"line":20,"column":4},"end":{"line":20,"column":74}}},"fnMap":{"0":{"name":"(anonymous_0)","decl":{"start":{"line":6,"column":18},"end":{"line":6,"column":19}},"loc":{"start":{"line":6,"column":38},"end":{"line":22,"column":1}},"line":6}},"branchMap":{"0":{"loc":{"start":{"line":9,"column":2},"end":{"line":11,"column":3}},"type":"if","locations":[{"start":{"line":9,"column":2},"end":{"line":11,"column":3}},{"start":{},"end":{}}],"line":9},"1":{"loc":{"start":{"line":9,"column":6},"end":{"line":9,"column":54}},"type":"binary-expr","locations":[{"start":{"line":9,"column":6},"end":{"line":9,"column":17}},{"start":{"line":9,"column":21},"end":{"line":9,"column":54}}],"line":9}},"s":{"0":1,"1":1,"2":0,"3":0,"4":0,"5":0,"6":0,"7":0,"8":0,"9":0,"10":0},"f":{"0":0},"b":{"0":[0,0],"1":[0,0]},"inputSourceMap":null,"_coverageSchema":"1a1c01bbd47fc00a2c39e90264f33305004495a9","hash":"c356929e122f5c5760d266a05a4aeea45e0e832f"}
,"C:\\Users\\shahi\\OneDrive\\Desktop\\clone3\\workflow-management\\backend\\routes\\auth.js": {"path":"C:\\Users\\shahi\\OneDrive\\Desktop\\clone3\\workflow-management\\backend\\routes\\auth.js","statementMap":{"0":{"start":{"line":14,"column":0},"end":{"line":14,"column":16}},"1":{"start":{"line":15,"column":15},"end":{"line":15,"column":31}},"2":{"start":{"line":18,"column":20},"end":{"line":24,"column":2}},"3":{"start":{"line":27,"column":24},"end":{"line":36,"column":1}},"4":{"start":{"line":28,"column":20},"end":{"line":28,"column":48}},"5":{"start":{"line":29,"column":19},"end":{"line":33,"column":4}},"6":{"start":{"line":34,"column":15},"end":{"line":34,"column":36}},"7":{"start":{"line":35,"column":2},"end":{"line":35,"column":22}},"8":{"start":{"line":39,"column":28},"end":{"line":41,"column":1}},"9":{"start":{"line":40,"column":2},"end":{"line":40,"column":27}},"10":{"start":{"line":44,"column":0},"end":{"line":107,"column":2}},"11":{"start":{"line":53,"column":19},"end":{"line":53,"column":40}},"12":{"start":{"line":54,"column":4},"end":{"line":56,"column":5}},"13":{"start":{"line":55,"column":6},"end":{"line":55,"column":62}},"14":{"start":{"line":58,"column":60},"end":{"line":58,"column":68}},"15":{"start":{"line":61,"column":20},"end":{"line":61,"column":57}},"16":{"start":{"line":62,"column":4},"end":{"line":64,"column":5}},"17":{"start":{"line":63,"column":6},"end":{"line":63,"column":78}},"18":{"start":{"line":66,"column":4},"end":{"line":105,"column":5}},"19":{"start":{"line":68,"column":27},"end":{"line":68,"column":92}},"20":{"start":{"line":69,"column":6},"end":{"line":71,"column":7}},"21":{"start":{"line":70,"column":8},"end":{"line":70,"column":76}},"22":{"start":{"line":74,"column":29},"end":{"line":74,"column":60}},"23":{"start":{"line":75,"column":32},"end":{"line":75,"column":70}},"24":{"start":{"line":78,"column":21},"end":{"line":81,"column":7}},"25":{"start":{"line":83,"column":6},"end":{"line":85,"column":7}},"26":{"start":{"line":84,"column":8},"end":{"line":84,"column":76}},"27":{"start":{"line":87,"column":25},"end":{"line":87,"column":91}},"28":{"start":{"line":89,"column":0},"end":{"line":96,"column":3}},"29":{"start":{"line":97,"column":0},"end":{"line":97,"column":50}},"30":{"start":{"line":101,"column":6},"end":{"line":101,"column":91}},"31":{"start":{"line":103,"column":6},"end":{"line":103,"column":64}},"32":{"start":{"line":104,"column":6},"end":{"line":104,"column":63}},"33":{"start":{"line":110,"column":0},"end":{"line":118,"column":3}},"34":{"start":{"line":111,"column":2},"end":{"line":117,"column":3}},"35":{"start":{"line":112,"column":19},"end":{"line":112,"column":133}},"36":{"start":{"line":113,"column":4},"end":{"line":113,"column":87}},"37":{"start":{"line":113,"column":31},"end":{"line":113,"column":87}},"38":{"start":{"line":114,"column":4},"end":{"line":114,"column":62}},"39":{"start":{"line":116,"column":4},"end":{"line":116,"column":50}},"40":{"start":{"line":121,"column":0},"end":{"line":164,"column":3}},"41":{"start":{"line":122,"column":46},"end":{"line":122,"column":54}},"42":{"start":{"line":123,"column":2},"end":{"line":125,"column":3}},"43":{"start":{"line":124,"column":4},"end":{"line":124,"column":63}},"44":{"start":{"line":127,"column":2},"end":{"line":163,"column":3}},"45":{"start":{"line":128,"column":19},"end":{"line":128,"column":114}},"46":{"start":{"line":129,"column":4},"end":{"line":129,"column":96}},"47":{"start":{"line":129,"column":34},"end":{"line":129,"column":96}},"48":{"start":{"line":131,"column":17},"end":{"line":131,"column":31}},"49":{"start":{"line":133,"column":4},"end":{"line":135,"column":5}},"50":{"start":{"line":134,"column":6},"end":{"line":134,"column":80}},"51":{"start":{"line":137,"column":27},"end":{"line":137,"column":99}},"52":{"start":{"line":138,"column":4},"end":{"line":140,"column":5}},"53":{"start":{"line":139,"column":6},"end":{"line":139,"column":68}},"54":{"start":{"line":142,"column":18},"end":{"line":146,"column":5}},"55":{"start":{"line":148,"column":24},"end":{"line":150,"column":38}},"56":{"start":{"line":153,"column":4},"end":{"line":159,"column":7}},"57":{"start":{"line":161,"column":4},"end":{"line":161,"column":25}},"58":{"start":{"line":162,"column":4},"end":{"line":162,"column":61}},"59":{"start":{"line":167,"column":0},"end":{"line":207,"column":3}},"60":{"start":{"line":168,"column":20},"end":{"line":168,"column":28}},"61":{"start":{"line":170,"column":2},"end":{"line":206,"column":3}},"62":{"start":{"line":172,"column":23},"end":{"line":172,"column":88}},"63":{"start":{"line":173,"column":4},"end":{"line":175,"column":5}},"64":{"start":{"line":174,"column":6},"end":{"line":174,"column":63}},"65":{"start":{"line":177,"column":17},"end":{"line":177,"column":35}},"66":{"start":{"line":180,"column":23},"end":{"line":180,"column":61}},"67":{"start":{"line":183,"column":4},"end":{"line":186,"column":6}},"68":{"start":{"line":189,"column":22},"end":{"line":189,"column":80}},"69":{"start":{"line":192,"column":4},"end":{"line":199,"column":7}},"70":{"start":{"line":201,"column":4},"end":{"line":201,"column":56}},"71":{"start":{"line":202,"column":4},"end":{"line":202,"column":69}},"72":{"start":{"line":204,"column":4},"end":{"line":204,"column":68}},"73":{"start":{"line":205,"column":4},"end":{"line":205,"column":61}},"74":{"start":{"line":210,"column":0},"end":{"line":240,"column":3}},"75":{"start":{"line":211,"column":33},"end":{"line":211,"column":41}},"76":{"start":{"line":213,"column":2},"end":{"line":239,"column":3}},"77":{"start":{"line":215,"column":23},"end":{"line":218,"column":5}},"78":{"start":{"line":220,"column":4},"end":{"line":222,"column":5}},"79":{"start":{"line":221,"column":6},"end":{"line":221,"column":79}},"80":{"start":{"line":224,"column":17},"end":{"line":224,"column":35}},"81":{"start":{"line":227,"column":27},"end":{"line":227,"column":61}},"82":{"start":{"line":230,"column":4},"end":{"line":233,"column":6}},"83":{"start":{"line":235,"column":4},"end":{"line":235,"column":76}},"84":{"start":{"line":237,"column":4},"end":{"line":237,"column":67}},"85":{"start":{"line":238,"column":4},"end":{"line":238,"column":61}},"86":{"start":{"line":241,"column":0},"end":{"line":249,"column":3}},"87":{"start":{"line":242,"column":2},"end":{"line":248,"column":3}},"88":{"start":{"line":243,"column":19},"end":{"line":243,"column":102}},"89":{"start":{"line":244,"column":4},"end":{"line":244,"column":26}},"90":{"start":{"line":246,"column":4},"end":{"line":246,"column":52}},"91":{"start":{"line":247,"column":4},"end":{"line":247,"column":65}}},"fnMap":{"0":{"name":"(anonymous_0)","decl":{"start":{"line":27,"column":24},"end":{"line":27,"column":25}},"loc":{"start":{"line":27,"column":41},"end":{"line":36,"column":1}},"line":27},"1":{"name":"(anonymous_1)","decl":{"start":{"line":39,"column":28},"end":{"line":39,"column":29}},"loc":{"start":{"line":39,"column":39},"end":{"line":41,"column":1}},"line":39},"2":{"name":"(anonymous_2)","decl":{"start":{"line":52,"column":2},"end":{"line":52,"column":3}},"loc":{"start":{"line":52,"column":22},"end":{"line":106,"column":3}},"line":52},"3":{"name":"(anonymous_3)","decl":{"start":{"line":110,"column":35},"end":{"line":110,"column":36}},"loc":{"start":{"line":110,"column":55},"end":{"line":118,"column":1}},"line":110},"4":{"name":"(anonymous_4)","decl":{"start":{"line":121,"column":22},"end":{"line":121,"column":23}},"loc":{"start":{"line":121,"column":42},"end":{"line":164,"column":1}},"line":121},"5":{"name":"(anonymous_5)","decl":{"start":{"line":167,"column":32},"end":{"line":167,"column":33}},"loc":{"start":{"line":167,"column":52},"end":{"line":207,"column":1}},"line":167},"6":{"name":"(anonymous_6)","decl":{"start":{"line":210,"column":31},"end":{"line":210,"column":32}},"loc":{"start":{"line":210,"column":51},"end":{"line":240,"column":1}},"line":210},"7":{"name":"(anonymous_7)","decl":{"start":{"line":241,"column":65},"end":{"line":241,"column":66}},"loc":{"start":{"line":241,"column":85},"end":{"line":249,"column":1}},"line":241}},"branchMap":{"0":{"loc":{"start":{"line":54,"column":4},"end":{"line":56,"column":5}},"type":"if","locations":[{"start":{"line":54,"column":4},"end":{"line":56,"column":5}},{"start":{},"end":{}}],"line":54},"1":{"loc":{"start":{"line":62,"column":4},"end":{"line":64,"column":5}},"type":"if","locations":[{"start":{"line":62,"column":4},"end":{"line":64,"column":5}},{"start":{},"end":{}}],"line":62},"2":{"loc":{"start":{"line":69,"column":6},"end":{"line":71,"column":7}},"type":"if","locations":[{"start":{"line":69,"column":6},"end":{"line":71,"column":7}},{"start":{},"end":{}}],"line":69},"3":{"loc":{"start":{"line":83,"column":6},"end":{"line":85,"column":7}},"type":"if","locations":[{"start":{"line":83,"column":6},"end":{"line":85,"column":7}},{"start":{},"end":{}}],"line":83},"4":{"loc":{"start":{"line":113,"column":4},"end":{"line":113,"column":87}},"type":"if","locations":[{"start":{"line":113,"column":4},"end":{"line":113,"column":87}},{"start":{},"end":{}}],"line":113},"5":{"loc":{"start":{"line":123,"column":2},"end":{"line":125,"column":3}},"type":"if","locations":[{"start":{"line":123,"column":2},"end":{"line":125,"column":3}},{"start":{},"end":{}}],"line":123},"6":{"loc":{"start":{"line":129,"column":4},"end":{"line":129,"column":96}},"type":"if","locations":[{"start":{"line":129,"column":4},"end":{"line":129,"column":96}},{"start":{},"end":{}}],"line":129},"7":{"loc":{"start":{"line":133,"column":4},"end":{"line":135,"column":5}},"type":"if","locations":[{"start":{"line":133,"column":4},"end":{"line":135,"column":5}},{"start":{},"end":{}}],"line":133},"8":{"loc":{"start":{"line":133,"column":8},"end":{"line":133,"column":57}},"type":"binary-expr","locations":[{"start":{"line":133,"column":8},"end":{"line":133,"column":39}},{"start":{"line":133,"column":43},"end":{"line":133,"column":57}}],"line":133},"9":{"loc":{"start":{"line":138,"column":4},"end":{"line":140,"column":5}},"type":"if","locations":[{"start":{"line":138,"column":4},"end":{"line":140,"column":5}},{"start":{},"end":{}}],"line":138},"10":{"loc":{"start":{"line":148,"column":24},"end":{"line":150,"column":38}},"type":"cond-expr","locations":[{"start":{"line":149,"column":6},"end":{"line":149,"column":37}},{"start":{"line":150,"column":6},"end":{"line":150,"column":38}}],"line":148},"11":{"loc":{"start":{"line":173,"column":4},"end":{"line":175,"column":5}},"type":"if","locations":[{"start":{"line":173,"column":4},"end":{"line":175,"column":5}},{"start":{},"end":{}}],"line":173},"12":{"loc":{"start":{"line":220,"column":4},"end":{"line":222,"column":5}},"type":"if","locations":[{"start":{"line":220,"column":4},"end":{"line":222,"column":5}},{"start":{},"end":{}}],"line":220}},"s":{"0":1,"1":1,"2":1,"3":1,"4":0,"5":0,"6":0,"7":0,"8":1,"9":1,"10":1,"11":0,"12":0,"13":0,"14":0,"15":0,"16":0,"17":0,"18":0,"19":0,"20":0,"21":0,"22":0,"23":0,"24":0,"25":0,"26":0,"27":0,"28":0,"29":0,"30":0,"31":0,"32":0,"33":1,"34":0,"35":0,"36":0,"37":0,"38":0,"39":0,"40":1,"41":0,"42":0,"43":0,"44":0,"45":0,"46":0,"47":0,"48":0,"49":0,"50":0,"51":0,"52":0,"53":0,"54":0,"55":0,"56":0,"57":0,"58":0,"59":1,"60":0,"61":0,"62":0,"63":0,"64":0,"65":0,"66":0,"67":0,"68":0,"69":0,"70":0,"71":0,"72":0,"73":0,"74":1,"75":0,"76":0,"77":0,"78":0,"79":0,"80":0,"81":0,"82":0,"83":0,"84":0,"85":0,"86":1,"87":0,"88":0,"89":0,"90":0,"91":0},"f":{"0":0,"1":1,"2":0,"3":0,"4":0,"5":0,"6":0,"7":0},"b":{"0":[0,0],"1":[0,0],"2":[0,0],"3":[0,0],"4":[0,0],"5":[0,0],"6":[0,0],"7":[0,0],"8":[0,0],"9":[0,0],"10":[0,0],"11":[0,0],"12":[0,0]},"inputSourceMap":null,"_coverageSchema":"1a1c01bbd47fc00a2c39e90264f33305004495a9","hash":"cab7db33adc7f98bbec8f367c41bce7713391c3f"}
}
