{"C:\\Users\\shahi\\OneDrive\\Desktop\\wmsnew\\workflow-management\\backend\\config\\db.js": {"path":"C:\\Users\\shahi\\OneDrive\\Desktop\\wmsnew\\workflow-management\\backend\\config\\db.js","statementMap":{"0":{"start":{"line":4,"column":0},"end":{"line":4,"column":16}},"1":{"start":{"line":6,"column":17},"end":{"line":6,"column":20}},"2":{"start":{"line":8,"column":13},"end":{"line":10,"column":2}},"3":{"start":{"line":12,"column":0},"end":{"line":14,"column":3}},"4":{"start":{"line":13,"column":2},"end":{"line":13,"column":51}}},"fnMap":{"0":{"name":"(anonymous_0)","decl":{"start":{"line":12,"column":19},"end":{"line":12,"column":20}},"loc":{"start":{"line":12,"column":25},"end":{"line":14,"column":1}},"line":12}},"branchMap":{},"s":{"0":1,"1":1,"2":1,"3":1,"4":0},"f":{"0":0},"b":{},"inputSourceMap":null,"_coverageSchema":"1a1c01bbd47fc00a2c39e90264f33305004495a9","hash":"fd20798554733a8f0b6c64480c54a6f58706f9ec"}
,"C:\\Users\\shahi\\OneDrive\\Desktop\\wmsnew\\workflow-management\\backend\\routes\\auth.js": {"path":"C:\\Users\\shahi\\OneDrive\\Desktop\\wmsnew\\workflow-management\\backend\\routes\\auth.js","statementMap":{"0":{"start":{"line":9,"column":14},"end":{"line":9,"column":92}},"1":{"start":{"line":9,"column":27},"end":{"line":9,"column":92}},"2":{"start":{"line":9,"column":77},"end":{"line":9,"column":91}},"3":{"start":{"line":12,"column":0},"end":{"line":12,"column":16}},"4":{"start":{"line":13,"column":15},"end":{"line":13,"column":31}},"5":{"start":{"line":17,"column":28},"end":{"line":19,"column":1}},"6":{"start":{"line":18,"column":2},"end":{"line":18,"column":27}},"7":{"start":{"line":22,"column":20},"end":{"line":28,"column":2}},"8":{"start":{"line":31,"column":24},"end":{"line":40,"column":1}},"9":{"start":{"line":32,"column":20},"end":{"line":32,"column":48}},"10":{"start":{"line":33,"column":19},"end":{"line":37,"column":4}},"11":{"start":{"line":38,"column":15},"end":{"line":38,"column":36}},"12":{"start":{"line":39,"column":2},"end":{"line":39,"column":22}},"13":{"start":{"line":43,"column":0},"end":{"line":106,"column":2}},"14":{"start":{"line":52,"column":19},"end":{"line":52,"column":40}},"15":{"start":{"line":53,"column":4},"end":{"line":55,"column":5}},"16":{"start":{"line":54,"column":6},"end":{"line":54,"column":62}},"17":{"start":{"line":57,"column":60},"end":{"line":57,"column":68}},"18":{"start":{"line":60,"column":20},"end":{"line":60,"column":57}},"19":{"start":{"line":61,"column":4},"end":{"line":63,"column":5}},"20":{"start":{"line":62,"column":6},"end":{"line":62,"column":78}},"21":{"start":{"line":65,"column":4},"end":{"line":104,"column":5}},"22":{"start":{"line":67,"column":27},"end":{"line":67,"column":92}},"23":{"start":{"line":68,"column":6},"end":{"line":70,"column":7}},"24":{"start":{"line":69,"column":8},"end":{"line":69,"column":76}},"25":{"start":{"line":73,"column":29},"end":{"line":73,"column":60}},"26":{"start":{"line":74,"column":32},"end":{"line":74,"column":70}},"27":{"start":{"line":77,"column":21},"end":{"line":80,"column":7}},"28":{"start":{"line":82,"column":6},"end":{"line":84,"column":7}},"29":{"start":{"line":83,"column":8},"end":{"line":83,"column":76}},"30":{"start":{"line":86,"column":25},"end":{"line":86,"column":91}},"31":{"start":{"line":88,"column":0},"end":{"line":95,"column":3}},"32":{"start":{"line":96,"column":0},"end":{"line":96,"column":50}},"33":{"start":{"line":100,"column":6},"end":{"line":100,"column":91}},"34":{"start":{"line":102,"column":6},"end":{"line":102,"column":64}},"35":{"start":{"line":103,"column":6},"end":{"line":103,"column":63}},"36":{"start":{"line":109,"column":0},"end":{"line":117,"column":3}},"37":{"start":{"line":110,"column":2},"end":{"line":116,"column":3}},"38":{"start":{"line":111,"column":19},"end":{"line":111,"column":133}},"39":{"start":{"line":112,"column":4},"end":{"line":112,"column":87}},"40":{"start":{"line":112,"column":31},"end":{"line":112,"column":87}},"41":{"start":{"line":113,"column":4},"end":{"line":113,"column":62}},"42":{"start":{"line":115,"column":4},"end":{"line":115,"column":50}},"43":{"start":{"line":120,"column":0},"end":{"line":139,"column":3}},"44":{"start":{"line":121,"column":46},"end":{"line":121,"column":54}},"45":{"start":{"line":122,"column":2},"end":{"line":122,"column":107}},"46":{"start":{"line":122,"column":48},"end":{"line":122,"column":107}},"47":{"start":{"line":124,"column":2},"end":{"line":138,"column":3}},"48":{"start":{"line":125,"column":19},"end":{"line":125,"column":84}},"49":{"start":{"line":126,"column":4},"end":{"line":126,"column":96}},"50":{"start":{"line":126,"column":34},"end":{"line":126,"column":96}},"51":{"start":{"line":128,"column":17},"end":{"line":128,"column":31}},"52":{"start":{"line":129,"column":4},"end":{"line":129,"column":98}},"53":{"start":{"line":129,"column":24},"end":{"line":129,"column":98}},"54":{"start":{"line":131,"column":4},"end":{"line":131,"column":120}},"55":{"start":{"line":131,"column":58},"end":{"line":131,"column":120}},"56":{"start":{"line":133,"column":18},"end":{"line":133,"column":109}},"57":{"start":{"line":134,"column":24},"end":{"line":134,"column":94}},"58":{"start":{"line":135,"column":4},"end":{"line":135,"column":83}},"59":{"start":{"line":137,"column":4},"end":{"line":137,"column":61}},"60":{"start":{"line":142,"column":0},"end":{"line":182,"column":3}},"61":{"start":{"line":143,"column":20},"end":{"line":143,"column":28}},"62":{"start":{"line":145,"column":2},"end":{"line":181,"column":3}},"63":{"start":{"line":147,"column":23},"end":{"line":147,"column":88}},"64":{"start":{"line":148,"column":4},"end":{"line":150,"column":5}},"65":{"start":{"line":149,"column":6},"end":{"line":149,"column":63}},"66":{"start":{"line":152,"column":17},"end":{"line":152,"column":35}},"67":{"start":{"line":155,"column":23},"end":{"line":155,"column":61}},"68":{"start":{"line":158,"column":4},"end":{"line":161,"column":6}},"69":{"start":{"line":164,"column":22},"end":{"line":164,"column":80}},"70":{"start":{"line":167,"column":4},"end":{"line":174,"column":7}},"71":{"start":{"line":176,"column":4},"end":{"line":176,"column":56}},"72":{"start":{"line":177,"column":4},"end":{"line":177,"column":69}},"73":{"start":{"line":179,"column":4},"end":{"line":179,"column":68}},"74":{"start":{"line":180,"column":4},"end":{"line":180,"column":61}},"75":{"start":{"line":185,"column":0},"end":{"line":215,"column":3}},"76":{"start":{"line":186,"column":33},"end":{"line":186,"column":41}},"77":{"start":{"line":188,"column":2},"end":{"line":214,"column":3}},"78":{"start":{"line":190,"column":23},"end":{"line":193,"column":5}},"79":{"start":{"line":195,"column":4},"end":{"line":197,"column":5}},"80":{"start":{"line":196,"column":6},"end":{"line":196,"column":79}},"81":{"start":{"line":199,"column":17},"end":{"line":199,"column":35}},"82":{"start":{"line":202,"column":27},"end":{"line":202,"column":61}},"83":{"start":{"line":205,"column":4},"end":{"line":208,"column":6}},"84":{"start":{"line":210,"column":4},"end":{"line":210,"column":76}},"85":{"start":{"line":212,"column":4},"end":{"line":212,"column":67}},"86":{"start":{"line":213,"column":4},"end":{"line":213,"column":61}}},"fnMap":{"0":{"name":"(anonymous_0)","decl":{"start":{"line":9,"column":14},"end":{"line":9,"column":15}},"loc":{"start":{"line":9,"column":27},"end":{"line":9,"column":92}},"line":9},"1":{"name":"(anonymous_1)","decl":{"start":{"line":9,"column":53},"end":{"line":9,"column":54}},"loc":{"start":{"line":9,"column":77},"end":{"line":9,"column":91}},"line":9},"2":{"name":"(anonymous_2)","decl":{"start":{"line":17,"column":28},"end":{"line":17,"column":29}},"loc":{"start":{"line":17,"column":39},"end":{"line":19,"column":1}},"line":17},"3":{"name":"(anonymous_3)","decl":{"start":{"line":31,"column":24},"end":{"line":31,"column":25}},"loc":{"start":{"line":31,"column":41},"end":{"line":40,"column":1}},"line":31},"4":{"name":"(anonymous_4)","decl":{"start":{"line":51,"column":2},"end":{"line":51,"column":3}},"loc":{"start":{"line":51,"column":22},"end":{"line":105,"column":3}},"line":51},"5":{"name":"(anonymous_5)","decl":{"start":{"line":109,"column":35},"end":{"line":109,"column":36}},"loc":{"start":{"line":109,"column":55},"end":{"line":117,"column":1}},"line":109},"6":{"name":"(anonymous_6)","decl":{"start":{"line":120,"column":22},"end":{"line":120,"column":23}},"loc":{"start":{"line":120,"column":42},"end":{"line":139,"column":1}},"line":120},"7":{"name":"(anonymous_7)","decl":{"start":{"line":142,"column":32},"end":{"line":142,"column":33}},"loc":{"start":{"line":142,"column":52},"end":{"line":182,"column":1}},"line":142},"8":{"name":"(anonymous_8)","decl":{"start":{"line":185,"column":31},"end":{"line":185,"column":32}},"loc":{"start":{"line":185,"column":51},"end":{"line":215,"column":1}},"line":185}},"branchMap":{"0":{"loc":{"start":{"line":53,"column":4},"end":{"line":55,"column":5}},"type":"if","locations":[{"start":{"line":53,"column":4},"end":{"line":55,"column":5}},{"start":{},"end":{}}],"line":53},"1":{"loc":{"start":{"line":61,"column":4},"end":{"line":63,"column":5}},"type":"if","locations":[{"start":{"line":61,"column":4},"end":{"line":63,"column":5}},{"start":{},"end":{}}],"line":61},"2":{"loc":{"start":{"line":68,"column":6},"end":{"line":70,"column":7}},"type":"if","locations":[{"start":{"line":68,"column":6},"end":{"line":70,"column":7}},{"start":{},"end":{}}],"line":68},"3":{"loc":{"start":{"line":82,"column":6},"end":{"line":84,"column":7}},"type":"if","locations":[{"start":{"line":82,"column":6},"end":{"line":84,"column":7}},{"start":{},"end":{}}],"line":82},"4":{"loc":{"start":{"line":112,"column":4},"end":{"line":112,"column":87}},"type":"if","locations":[{"start":{"line":112,"column":4},"end":{"line":112,"column":87}},{"start":{},"end":{}}],"line":112},"5":{"loc":{"start":{"line":122,"column":2},"end":{"line":122,"column":107}},"type":"if","locations":[{"start":{"line":122,"column":2},"end":{"line":122,"column":107}},{"start":{},"end":{}}],"line":122},"6":{"loc":{"start":{"line":126,"column":4},"end":{"line":126,"column":96}},"type":"if","locations":[{"start":{"line":126,"column":4},"end":{"line":126,"column":96}},{"start":{},"end":{}}],"line":126},"7":{"loc":{"start":{"line":129,"column":4},"end":{"line":129,"column":98}},"type":"if","locations":[{"start":{"line":129,"column":4},"end":{"line":129,"column":98}},{"start":{},"end":{}}],"line":129},"8":{"loc":{"start":{"line":131,"column":4},"end":{"line":131,"column":120}},"type":"if","locations":[{"start":{"line":131,"column":4},"end":{"line":131,"column":120}},{"start":{},"end":{}}],"line":131},"9":{"loc":{"start":{"line":134,"column":24},"end":{"line":134,"column":94}},"type":"cond-expr","locations":[{"start":{"line":134,"column":50},"end":{"line":134,"column":70}},{"start":{"line":134,"column":73},"end":{"line":134,"column":94}}],"line":134},"10":{"loc":{"start":{"line":148,"column":4},"end":{"line":150,"column":5}},"type":"if","locations":[{"start":{"line":148,"column":4},"end":{"line":150,"column":5}},{"start":{},"end":{}}],"line":148},"11":{"loc":{"start":{"line":195,"column":4},"end":{"line":197,"column":5}},"type":"if","locations":[{"start":{"line":195,"column":4},"end":{"line":197,"column":5}},{"start":{},"end":{}}],"line":195}},"s":{"0":1,"1":0,"2":0,"3":1,"4":1,"5":1,"6":1,"7":1,"8":1,"9":0,"10":0,"11":0,"12":0,"13":1,"14":0,"15":0,"16":0,"17":0,"18":0,"19":0,"20":0,"21":0,"22":0,"23":0,"24":0,"25":0,"26":0,"27":0,"28":0,"29":0,"30":0,"31":0,"32":0,"33":0,"34":0,"35":0,"36":1,"37":0,"38":0,"39":0,"40":0,"41":0,"42":0,"43":1,"44":0,"45":0,"46":0,"47":0,"48":0,"49":0,"50":0,"51":0,"52":0,"53":0,"54":0,"55":0,"56":0,"57":0,"58":0,"59":0,"60":1,"61":0,"62":0,"63":0,"64":0,"65":0,"66":0,"67":0,"68":0,"69":0,"70":0,"71":0,"72":0,"73":0,"74":0,"75":1,"76":0,"77":0,"78":0,"79":0,"80":0,"81":0,"82":0,"83":0,"84":0,"85":0,"86":0},"f":{"0":0,"1":0,"2":1,"3":0,"4":0,"5":0,"6":0,"7":0,"8":0},"b":{"0":[0,0],"1":[0,0],"2":[0,0],"3":[0,0],"4":[0,0],"5":[0,0],"6":[0,0],"7":[0,0],"8":[0,0],"9":[0,0],"10":[0,0],"11":[0,0]},"inputSourceMap":null,"_coverageSchema":"1a1c01bbd47fc00a2c39e90264f33305004495a9","hash":"9c23fcac562cf5e2b0929d01a4ed742fc4f7fe4b"}
}
